2020-11-12 15:09:58,725 INFO PERFORMANCE:|0|0|-1|-1

2020-11-12 15:14:58,727 INFO PERFORMANCE:|1|1|-1|-1

2020-11-12 15:19:58,728 INFO PERFORMANCE:|1|1|-1|-1

2020-11-12 15:24:58,730 INFO PERFORMANCE:|1|0|-1|-1

2020-11-12 15:29:58,730 INFO PERFORMANCE:|1|1|-1|-1

2020-11-12 15:34:58,731 INFO PERFORMANCE:|1|1|-1|-1

2020-11-12 15:39:58,732 INFO PERFORMANCE:|1|1|-1|-1

2020-11-12 15:44:58,734 INFO PERFORMANCE:|1|1|-1|-1

2020-11-12 15:49:58,735 INFO PERFORMANCE:|1|1|-1|-1

2020-11-12 15:54:58,736 INFO PERFORMANCE:|1|1|-1|-1

2020-11-12 15:59:58,738 INFO PERFORMANCE:|1|1|-1|-1

2020-11-12 16:04:58,739 INFO PERFORMANCE:|1|1|-1|-1

2020-11-12 16:09:58,739 INFO PERFORMANCE:|1|1|-1|-1

2020-11-12 16:14:58,743 INFO PERFORMANCE:|1|1|-1|-1

2020-11-12 16:19:58,744 INFO PERFORMANCE:|1|1|-1|-1

2020-11-12 16:24:58,746 INFO PERFORMANCE:|1|1|-1|-1

2020-11-12 16:29:58,747 INFO PERFORMANCE:|0|0|-1|-1

2020-11-12 16:34:58,748 INFO PERFORMANCE:|0|0|-1|-1

2020-11-12 16:39:58,750 INFO PERFORMANCE:|0|0|-1|-1

2020-11-12 16:44:58,753 INFO PERFORMANCE:|0|0|-1|-1

2020-11-12 16:49:58,754 INFO PERFORMANCE:|0|0|-1|-1

2020-11-12 16:54:58,756 INFO PERFORMANCE:|0|0|-1|-1

2020-11-12 16:59:58,757 INFO PERFORMANCE:|0|0|-1|-1

2020-11-12 17:04:58,758 INFO PERFORMANCE:|0|0|-1|-1

2020-11-12 17:09:58,760 INFO PERFORMANCE:|0|0|-1|-1

2020-11-12 17:14:58,761 INFO PERFORMANCE:|0|0|-1|-1

2020-11-12 17:19:58,763 INFO PERFORMANCE:|0|0|-1|-1

2020-11-12 17:24:55,927 INFO PERFORMANCE:|0|0|-1|-1

2020-11-12 17:29:55,928 INFO PERFORMANCE:|0|0|-1|-1

2020-11-12 17:34:55,929 INFO PERFORMANCE:|0|0|-1|-1

2020-11-12 17:39:55,931 INFO PERFORMANCE:|0|0|-1|-1

2020-11-12 17:44:55,933 INFO PERFORMANCE:|0|0|-1|-1

2020-11-12 17:49:55,934 INFO PERFORMANCE:|0|0|-1|-1

2020-11-12 17:54:55,935 INFO PERFORMANCE:|0|0|-1|-1

2020-11-12 18:03:09,833 INFO PERFORMANCE:|0|0|-1|-1

